0 info it worked if it ends with ok
1 verbose cli [ 'node',
1 verbose cli   'C:\\Users\\Zoe\\AppData\\Roaming\\npm\\node_modules\\npm\\bin\\npm-cli.js',
1 verbose cli   'install',
1 verbose cli   '-g',
1 verbose cli   'bower' ]
2 info using npm@2.1.9
3 info using node@v0.10.33
4 silly cache add args [ 'bower', null ]
5 verbose cache add spec bower
6 silly cache add parsed spec { raw: 'bower',
6 silly cache add   scope: null,
6 silly cache add   name: 'bower',
6 silly cache add   rawSpec: '',
6 silly cache add   spec: '*',
6 silly cache add   type: 'range' }
7 verbose addNamed bower@*
8 silly addNamed semver.valid null
9 silly addNamed semver.validRange *
10 silly addNameRange { name: 'bower', range: '*', hasData: false }
11 silly mapToRegistry name bower
12 silly mapToRegistry using default registry
13 silly mapToRegistry registry https://registry.npmjs.org/
14 silly mapToRegistry uri https://registry.npmjs.org/bower
15 verbose addNameRange registry:https://registry.npmjs.org/bower not in flight; fetching
16 verbose request uri https://registry.npmjs.org/bower
17 verbose request no auth needed
18 info attempt registry request try #1 at 11:20:55
19 verbose request id daa2c7a1a66c3604
20 verbose etag "E6RX7PHVG3Z88XPFXE90YNP2S"
21 http request GET https://registry.npmjs.org/bower
22 http 200 https://registry.npmjs.org/bower
23 silly get cb [ 200,
23 silly get   { date: 'Sat, 29 Nov 2014 10:22:16 GMT',
23 silly get     server: 'CouchDB/1.5.0 (Erlang OTP/R16B03)',
23 silly get     etag: '"779VZMNPAZD7GUQB52S9X6ARC"',
23 silly get     'content-type': 'application/json',
23 silly get     'cache-control': 'max-age=60',
23 silly get     'content-length': '105523',
23 silly get     'accept-ranges': 'bytes',
23 silly get     via: '1.1 varnish',
23 silly get     age: '34',
23 silly get     'x-served-by': 'cache-fra1231-FRA',
23 silly get     'x-cache': 'HIT',
23 silly get     'x-cache-hits': '2',
23 silly get     'x-timer': 'S1417256536.797751,VS0,VE0',
23 silly get     vary: 'Accept',
23 silly get     'keep-alive': 'timeout=10, max=50',
23 silly get     connection: 'Keep-Alive' } ]
24 silly addNameRange number 2 { name: 'bower', range: '*', hasData: true }
25 silly addNameRange versions [ 'bower',
25 silly addNameRange   [ '0.1.0',
25 silly addNameRange     '0.1.2',
25 silly addNameRange     '0.1.3',
25 silly addNameRange     '0.2.0',
25 silly addNameRange     '0.3.0',
25 silly addNameRange     '0.3.1',
25 silly addNameRange     '0.3.2',
25 silly addNameRange     '0.4.0',
25 silly addNameRange     '0.5.0',
25 silly addNameRange     '0.5.1',
25 silly addNameRange     '0.6.0',
25 silly addNameRange     '0.6.1',
25 silly addNameRange     '0.6.2',
25 silly addNameRange     '0.6.3',
25 silly addNameRange     '0.6.4',
25 silly addNameRange     '0.6.5',
25 silly addNameRange     '0.6.6',
25 silly addNameRange     '0.6.7',
25 silly addNameRange     '0.6.8',
25 silly addNameRange     '0.7.0',
25 silly addNameRange     '0.7.1',
25 silly addNameRange     '0.8.0',
25 silly addNameRange     '0.8.1',
25 silly addNameRange     '0.8.2',
25 silly addNameRange     '0.8.3',
25 silly addNameRange     '0.8.4',
25 silly addNameRange     '0.8.5',
25 silly addNameRange     '0.8.6',
25 silly addNameRange     '0.9.0',
25 silly addNameRange     '0.9.1',
25 silly addNameRange     '0.9.2',
25 silly addNameRange     '0.10.0',
25 silly addNameRange     '1.0.0',
25 silly addNameRange     '1.0.1',
25 silly addNameRange     '1.0.2',
25 silly addNameRange     '1.0.3',
25 silly addNameRange     '1.1.0',
25 silly addNameRange     '1.1.1',
25 silly addNameRange     '1.1.2',
25 silly addNameRange     '1.2.0',
25 silly addNameRange     '1.2.1',
25 silly addNameRange     '1.2.2',
25 silly addNameRange     '1.2.3',
25 silly addNameRange     '1.2.4',
25 silly addNameRange     '1.2.5',
25 silly addNameRange     '1.2.6',
25 silly addNameRange     '1.2.7',
25 silly addNameRange     '1.2.8',
25 silly addNameRange     '1.3.0',
25 silly addNameRange     '1.3.1',
25 silly addNameRange     '1.3.2',
25 silly addNameRange     '1.3.3',
25 silly addNameRange     '1.3.4',
25 silly addNameRange     '1.3.5',
25 silly addNameRange     '1.3.6',
25 silly addNameRange     '1.3.7',
25 silly addNameRange     '1.3.8',
25 silly addNameRange     '1.3.9',
25 silly addNameRange     '1.3.10',
25 silly addNameRange     '1.3.11',
25 silly addNameRange     '1.3.12' ] ]
26 verbose addNamed bower@1.3.12
27 silly addNamed semver.valid 1.3.12
28 silly addNamed semver.validRange 1.3.12
29 silly cache afterAdd bower@1.3.12
30 verbose afterAdd C:\Users\Zoe\AppData\Roaming\npm-cache\bower\1.3.12\package\package.json not in flight; writing
31 verbose afterAdd C:\Users\Zoe\AppData\Roaming\npm-cache\bower\1.3.12\package\package.json written
32 silly install resolved [ { name: 'bower',
32 silly install resolved     version: '1.3.12',
32 silly install resolved     description: 'The browser package manager',
32 silly install resolved     author: { name: 'Twitter' },
32 silly install resolved     licenses: [ [Object] ],
32 silly install resolved     repository: { type: 'git', url: 'https://github.com/bower/bower' },
32 silly install resolved     main: 'lib',
32 silly install resolved     homepage: 'http://bower.io',
32 silly install resolved     engines: { node: '>=0.10.0' },
32 silly install resolved     dependencies:
32 silly install resolved      { abbrev: '~1.0.4',
32 silly install resolved        archy: '0.0.2',
32 silly install resolved        'bower-config': '~0.5.2',
32 silly install resolved        'bower-endpoint-parser': '~0.2.2',
32 silly install resolved        'bower-json': '~0.4.0',
32 silly install resolved        'bower-logger': '~0.2.2',
32 silly install resolved        'bower-registry-client': '~0.2.0',
32 silly install resolved        cardinal: '0.4.0',
32 silly install resolved        chalk: '0.5.0',
32 silly install resolved        chmodr: '0.1.0',
32 silly install resolved        'decompress-zip': '0.0.8',
32 silly install resolved        fstream: '~1.0.2',
32 silly install resolved        'fstream-ignore': '~1.0.1',
32 silly install resolved        glob: '~4.0.2',
32 silly install resolved        'graceful-fs': '~3.0.1',
32 silly install resolved        handlebars: '~2.0.0',
32 silly install resolved        inquirer: '0.7.1',
32 silly install resolved        insight: '0.4.3',
32 silly install resolved        'is-root': '~1.0.0',
32 silly install resolved        junk: '~1.0.0',
32 silly install resolved        lockfile: '~1.0.0',
32 silly install resolved        'lru-cache': '~2.5.0',
32 silly install resolved        mkdirp: '0.5.0',
32 silly install resolved        mout: '~0.9.0',
32 silly install resolved        nopt: '~3.0.0',
32 silly install resolved        opn: '~1.0.0',
32 silly install resolved        osenv: '0.1.0',
32 silly install resolved        'p-throttler': '0.1.0',
32 silly install resolved        promptly: '0.2.0',
32 silly install resolved        q: '~1.0.1',
32 silly install resolved        request: '~2.42.0',
32 silly install resolved        'request-progress': '0.3.0',
32 silly install resolved        retry: '0.6.0',
32 silly install resolved        rimraf: '~2.2.0',
32 silly install resolved        semver: '~2.3.0',
32 silly install resolved        'shell-quote': '~1.4.1',
32 silly install resolved        'stringify-object': '~1.0.0',
32 silly install resolved        'tar-fs': '0.5.2',
32 silly install resolved        tmp: '0.0.23',
32 silly install resolved        'update-notifier': '0.2.0',
32 silly install resolved        which: '~1.0.5' },
32 silly install resolved     devDependencies:
32 silly install resolved      { coveralls: '~2.11.0',
32 silly install resolved        'expect.js': '~0.3.1',
32 silly install resolved        grunt: '~0.4.4',
32 silly install resolved        'grunt-cli': '^0.1.13',
32 silly install resolved        'grunt-contrib-jshint': '~0.10.0',
32 silly install resolved        'grunt-contrib-watch': '~0.6.1',
32 silly install resolved        'grunt-exec': '~0.4.2',
32 silly install resolved        'grunt-simple-mocha': '~0.4.0',
32 silly install resolved        istanbul: '~0.3.2',
32 silly install resolved        'load-grunt-tasks': '~0.6.0',
32 silly install resolved        mocha: '~1.21.4',
32 silly install resolved        nock: '~0.46.0',
32 silly install resolved        'node-uuid': '~1.4.1',
32 silly install resolved        proxyquire: '~1.0.1' },
32 silly install resolved     scripts: { test: 'grunt test' },
32 silly install resolved     bin: { bower: 'bin/bower' },
32 silly install resolved     preferGlobal: true,
32 silly install resolved     gitHead: 'b26c072f0db054a1902ec4d2e3726dbf8a1c799a',
32 silly install resolved     bugs: { url: 'https://github.com/bower/bower/issues' },
32 silly install resolved     _id: 'bower@1.3.12',
32 silly install resolved     _shasum: '37de0edb3904baf90aee13384a1a379a05ee214c',
32 silly install resolved     _from: 'bower@*',
32 silly install resolved     _npmVersion: '2.0.0',
32 silly install resolved     _npmUser: { name: 'sheerun', email: 'sheerun@sher.pl' },
32 silly install resolved     maintainers: [ [Object], [Object], [Object], [Object], [Object], [Object] ],
32 silly install resolved     dist:
32 silly install resolved      { shasum: '37de0edb3904baf90aee13384a1a379a05ee214c',
32 silly install resolved        tarball: 'http://registry.npmjs.org/bower/-/bower-1.3.12.tgz' },
32 silly install resolved     directories: {},
32 silly install resolved     _resolved: 'https://registry.npmjs.org/bower/-/bower-1.3.12.tgz',
32 silly install resolved     readme: 'ERROR: No README data found!' } ]
33 info install bower@1.3.12 into C:\Program Files\nodejs
34 info installOne bower@1.3.12
35 verbose installOne of bower to C:\Program Files\nodejs not in flight; installing
36 verbose lock using C:\Users\Zoe\AppData\Roaming\npm-cache\_locks\bower-c09afa036a5c141c.lock for C:\Program Files\nodejs\node_modules\bower
37 silly install write writing bower 1.3.12 to C:\Program Files\nodejs\node_modules\bower
38 silly cache addNamed cb bower@1.3.12
39 verbose unbuild node_modules\bower
40 verbose gentlyRm vacuuming C:\Program Files\nodejs\node_modules\bower
41 verbose tar unpack C:\Users\Zoe\AppData\Roaming\npm-cache\bower\1.3.12\package.tgz
42 verbose tar unpacking to C:\Program Files\nodejs\node_modules\bower
43 verbose gentlyRm vacuuming C:\Program Files\nodejs\node_modules\bower
44 silly gunzTarPerm modes [ '777', '666' ]
45 error tar.unpack untar error C:\Users\Zoe\AppData\Roaming\npm-cache\bower\1.3.12\package.tgz
46 verbose unlock done using C:\Users\Zoe\AppData\Roaming\npm-cache\_locks\bower-c09afa036a5c141c.lock for C:\Program Files\nodejs\node_modules\bower
47 verbose fstream_path C:\Program Files\nodejs\node_modules\bower
48 verbose fstream_type Directory
49 verbose fstream_class DirWriter
50 verbose stack Error: EPERM, mkdir 'C:\Program Files\nodejs\node_modules\bower'
51 verbose fstream_stack C:\Users\Zoe\AppData\Roaming\npm\node_modules\npm\node_modules\fstream\lib\dir-writer.js:36:23
51 verbose fstream_stack C:\Users\Zoe\AppData\Roaming\npm\node_modules\npm\node_modules\mkdirp\index.js:46:53
51 verbose fstream_stack Object.oncomplete (fs.js:107:15)
52 verbose cwd C:\Users\Zoe\git\My Project\Client
53 error Windows_NT 6.2.9200
54 error argv "node" "C:\\Users\\Zoe\\AppData\\Roaming\\npm\\node_modules\\npm\\bin\\npm-cli.js" "install" "-g" "bower"
55 error node v0.10.33
56 error npm  v2.1.9
57 error path C:\Program Files\nodejs\node_modules\bower
58 error code EPERM
59 error errno 50
60 error Error: EPERM, mkdir 'C:\Program Files\nodejs\node_modules\bower'
60 error  { [Error: EPERM, mkdir 'C:\Program Files\nodejs\node_modules\bower']
60 error   errno: 50,
60 error   code: 'EPERM',
60 error   path: 'C:\\Program Files\\nodejs\\node_modules\\bower',
60 error   fstream_type: 'Directory',
60 error   fstream_path: 'C:\\Program Files\\nodejs\\node_modules\\bower',
60 error   fstream_class: 'DirWriter',
60 error   fstream_stack:
60 error    [ 'C:\\Users\\Zoe\\AppData\\Roaming\\npm\\node_modules\\npm\\node_modules\\fstream\\lib\\dir-writer.js:36:23',
60 error      'C:\\Users\\Zoe\\AppData\\Roaming\\npm\\node_modules\\npm\\node_modules\\mkdirp\\index.js:46:53',
60 error      'Object.oncomplete (fs.js:107:15)' ] }
61 error Please try running this command again as root/Administrator.
62 verbose exit [ 50, true ]
63 verbose unbuild node_modules\bower
64 verbose gentlyRm vacuuming C:\Program Files\nodejs\node_modules\bower
